1727512067694	geckodriver	INFO	Listening on 127.0.0.1:64939
1727512070785	mozrunner::runner	INFO	Running command: "C:\\Program Files\\Mozilla Firefox\\firefox.exe" "--marionette" "--remote-debugging-port" "64940" "--remote-allow-hosts" "localhost" "-no-remote" "-profile" "C:\\Users\\ASUS\\AppData\\Local\\Temp\\rust_mozprofilekHx3G3"
console.warn: services.settings: Ignoring preference override of remote settings server
console.warn: services.settings: Allow by setting MOZ_REMOTE_SETTINGS_DEVTOOLS=1 in the environment
Dynamically enable window occlusion 0
1727512071216	Marionette	INFO	Marionette enabled
1727512071356	Marionette	INFO	Listening on port 64947
WebDriver BiDi listening on ws://127.0.0.1:64940
Read port: 64947
1727512071586	RemoteAgent	WARN	TLS certificate errors will be ignored for this session
DevTools listening on ws://127.0.0.1:64940/devtools/browser/c1a629c1-034a-4d31-b820-ee0ba98a59ce
1727512103327	Marionette	INFO	Stopped listening on port 64947
Dynamically enable window occlusion 1
console.error: services.settings: 
  main/pioneer-study-addons-v1 Signature failed  [Exception... "<no message>"  nsresult: "0x8046001e (<unknown>)"  location: "JS frame :: resource://gre/modules/ServiceRequest.sys.mjs :: open :: line 133"  data: no]
console.error: services.settings: 
Object
  - prototype Object
    - columnNumber = 0
    - data = null
    - filename = resource://gre/modules/ServiceRequest.sys.mjs
    - lineNumber = 133
    - location = {"name":"open","filename":"resource://gre/modules/ServiceRequest.sys.mjs","sourceId":25,"lineNumber":133,"columnNumber":11,"asyncCause":null,"asyncCaller":null,"caller":{"filename":"resource://services-settings/Utils.sys.mjs","name":"fetch/<","sourceId":24,"lineNumber":266,"columnNumber":15,"asyncCause":null,"asyncCaller":null,"caller":{"filename":"resource://services-settings/Utils.sys.mjs","name":"fetch","sourceId":24,"lineNumber":217,"columnNumber":12,"asyncCause":null,"asyncCaller":null,"caller":{"filename":"resource://services-settings/RemoteSettingsClient.sys.mjs","name":"_validateCollectionSignature","sourceId":22,"lineNumber":1009,"columnNumber":47,"asyncCause":null,"asyncCaller":null,"caller":{"filename":"resource://services-settings/RemoteSettingsClient.sys.mjs","name":"_importChanges","sourceId":22,"lineNumber":1088,"columnNumber":20,"asyncCause":null,"asyncCaller":null,"caller":null,"formattedStack":"_importChanges@resource://services-settings/RemoteSettingsClient.sys.mjs:1088:20\n","nativeSavedFrame":{}},"formattedStack":"_validateCollectionSignature@resource://services-settings/RemoteSettingsClient.sys.mjs:1009:47\n_importChanges@resource://services-settings/RemoteSettingsClient.sys.mjs:1088:20\n","nativeSavedFrame":{}},"formattedStack":"fetch@resource://services-settings/Utils.sys.mjs:217:12\n_validateCollectionSignature@resource://services-settings/RemoteSettingsClient.sys.mjs:1009:47\n_importChanges@resource://services-settings/RemoteSettingsClient.sys.mjs:1088:20\n","nativeSavedFrame":{}},"formattedStack":"fetch/<@resource://services-settings/Utils.sys.mjs:266:15\nfetch@resource://services-settings/Utils.sys.mjs:217:12\n_validateCollectionSignature@resource://services-settings/RemoteSettingsClient.sys.mjs:1009:47\n_importChanges@resource://services-settings/RemoteSettingsClient.sys.mjs:1088:20\n","nativeSavedFrame":{}},"formattedStack":"open@resource://gre/modules/ServiceRequest.sys.mjs:133:11\nfetch/<@resource://services-settings/Utils.sys.mjs:266:15\nfetch@resource://services-settings/Utils.sys.mjs:217:12\n_validateCollectionSignature@resource://services-settings/RemoteSettingsClient.sys.mjs:1009:47\n_importChanges@resource://services-settings/RemoteSettingsClient.sys.mjs:1088:20\n","nativeSavedFrame":{}}
    - message = 
    - name = 
    - result = 2152071198
    - stack = open@resource://gre/modules/ServiceRequest.sys.mjs:133:11|fetch/<@resource://services-settings/Utils.sys.mjs:266:15|fetch@resource://services-settings/Utils.sys.mjs:217:12|_validateCollectionSignature@resource://services-settings/RemoteSettingsClient.sys.mjs:1009:47|_importChanges@resource://services-settings/RemoteSettingsClient.sys.mjs:1088:20|
  - prototype Object
console.warn: services.settings: main/doh-providers sync interrupted by shutdown
console.warn: services.settings: main/doh-config sync interrupted by shutdown
console.warn: services.settings: main/devtools-devices sync interrupted by shutdown
console.warn: services.settings: main/websites-with-shared-credential-backends sync interrupted by shutdown
console.warn: services.settings: main/language-dictionaries sync interrupted by shutdown
console.error: (new AbortError("IndexedDB: main/password-recipes getLastModified() IndexedDB:  execute() A request was aborted, for example through a call to IDBTransaction.abort.", "resource://services-settings/IDBHelpers.sys.mjs", 16))
